D:\VisualStudio\Git\LoanManagement\Authentication\Context\UserDBContext.cs

D:\VisualStudio\Git\LoanManagement\Authentication\Controllers\authcontroller.cs
Get 5
Get -1
Get 11
Get -1
Post 5
Post -1
Put 22
Put -1
Delete 4
Delete -1

D:\VisualStudio\Git\LoanManagement\Authentication\Controllers\LoginController.cs
Login 8
Login -1
AuthenticateUser 4
AuthenticateUser -1
GenerateJWTToken 26
GenerateJWTToken -1

D:\VisualStudio\Git\LoanManagement\Authentication\Controllers\UserController.cs
GetUserData 5
GetUserData -1
GetAdminData 10
GetAdminData -1

D:\VisualStudio\Git\LoanManagement\Authentication\Controllers\WeatherForecastController.cs
Get 8
Get -1

D:\VisualStudio\Git\LoanManagement\Authentication\Migrations\20200825045003_test.cs
Up 4
Up -1
Down 4
Down -1

D:\VisualStudio\Git\LoanManagement\Authentication\Migrations\20200825045003_test.Designer.cs
BuildTargetModel 6
BuildTargetModel -1

D:\VisualStudio\Git\LoanManagement\Authentication\Migrations\20200827062559_initial2.cs
Up 7
Up -1
Down 8
Down -1

D:\VisualStudio\Git\LoanManagement\Authentication\Migrations\20200827062559_initial2.Designer.cs
BuildTargetModel 11
BuildTargetModel -1

D:\VisualStudio\Git\LoanManagement\Authentication\Migrations\UserDBContextModelSnapshot.cs
BuildModel 6
BuildModel -1

D:\VisualStudio\Git\LoanManagement\Authentication\Model\BasicAuthenticationAttribute.cs
OnAuthorization 18
OnAuthorization -1

D:\VisualStudio\Git\LoanManagement\Authentication\Model\MyAuthorizeAttribute.cs
HandleUnauthorizedRequest 7
HandleUnauthorizedRequest -1

D:\VisualStudio\Git\LoanManagement\Authentication\Model\Roles.cs
AdminRole 6
AdminRole -1
UserRole 8
UserRole -1

D:\VisualStudio\Git\LoanManagement\Authentication\Model\User.cs

D:\VisualStudio\Git\LoanManagement\Authentication\Model\UserValidate.cs
Login 17
Login -1
GetUserDetails 5
GetUserDetails -1

D:\VisualStudio\Git\LoanManagement\Authentication\Program.cs
Main 6
Main -1
CreateHostBuilder 4
CreateHostBuilder -1

D:\VisualStudio\Git\LoanManagement\Authentication\Startup.cs
ConfigureServices 4
ConfigureServices -1
Configure 18
Configure -1

D:\VisualStudio\Git\LoanManagement\Authentication\WeatherForecast.cs

D:\VisualStudio\Git\LoanManagement\Authentication\obj\Debug\netcoreapp3.1\.NETCoreApp,Version=v3.1.AssemblyAttributes.cs

D:\VisualStudio\Git\LoanManagement\Authentication\obj\Debug\netcoreapp3.1\Authentication.AssemblyInfo.cs

