D:\VisualStudio\Git\LoanManagement\LoanManage\Controllers\v1\LoanController.cs
Get 3
Get -1
Get 12
Get -1
Post 5
Post -1
Put 4
Put -1
Delete 3
Delete -1

D:\VisualStudio\Git\LoanManagement\LoanManage\Controllers\v2\TestController.cs
Get 6
Get -1
Get 4
Get -1
Post 35
Post -1
Put 3
Put -1
Delete 4
Delete -1

D:\VisualStudio\Git\LoanManagement\LoanManage\Database\DatabaseContext.cs
OnConfiguring 7
OnConfiguring -1

D:\VisualStudio\Git\LoanManagement\LoanManage\Database\Entity\LoanDetails.cs

D:\VisualStudio\Git\LoanManagement\LoanManage\Migrations\20200827064352_initial.cs
Up 30
Up -1
Down 5
Down -1

D:\VisualStudio\Git\LoanManagement\LoanManage\Migrations\20200827064352_initial.Designer.cs
BuildTargetModel 4
BuildTargetModel -1

D:\VisualStudio\Git\LoanManagement\LoanManage\Migrations\DatabaseContextModelSnapshot.cs
BuildModel 4
BuildModel -1

D:\VisualStudio\Git\LoanManagement\LoanManage\Program.cs
Main 5
Main -1
CreateHostBuilder 4
CreateHostBuilder -1

D:\VisualStudio\Git\LoanManagement\LoanManage\Repositary\ILoan.cs
LoanList 5
LoanList -1
LoanListById 9
LoanListById -1
AddListPost 6
AddListPost -1
AddListPut 59
AddListPut -1
DeleteLoan 4
DeleteLoan -1

D:\VisualStudio\Git\LoanManagement\LoanManage\Resources\Contact.cs

D:\VisualStudio\Git\LoanManagement\LoanManage\Resources\Info.cs

D:\VisualStudio\Git\LoanManagement\LoanManage\Service\Loan.cs
LoanList 4
LoanList -1
LoanListById 6
LoanListById -1
AddListPost 6
AddListPost -1
AddListPut 11
AddListPut -1
DeleteLoan 5
DeleteLoan -1

D:\VisualStudio\Git\LoanManagement\LoanManage\Startup.cs
ConfigureServices 5
ConfigureServices -1
Configure 6
Configure -1

D:\VisualStudio\Git\LoanManagement\LoanManage\obj\Debug\netcoreapp3.1\.NETCoreApp,Version=v3.1.AssemblyAttributes.cs

D:\VisualStudio\Git\LoanManagement\LoanManage\obj\Debug\netcoreapp3.1\LoanManage.AssemblyInfo.cs

D:\VisualStudio\Git\LoanManagement\LoanManage\obj\Debug\netcoreapp3.1\LoanManage.MvcApplicationPartsAssemblyInfo.cs

