D:\VisualStudio\Git\LoanManagement\Authentication\Context\UserDBContext.cs

D:\VisualStudio\Git\LoanManagement\APIGateway\Program.cs
Main 126
Main -1
CreateHostBuilder 3
CreateHostBuilder -1

D:\VisualStudio\Git\LoanManagement\Authentication\Controllers\authcontroller.cs
Get 135
Get -1
Get 3
Get -1
Post 4
Post -1
Put 3
Put -1
Delete 2
Delete -1

D:\VisualStudio\Git\LoanManagement\APIGateway\Startup.cs
ConfigureServices 6
ConfigureServices -1
Configure 7
Configure -1

D:\VisualStudio\Git\LoanManagement\LoanManage\Controllers\v1\LoanController.cs
Get 141
Get -1
Get 5
Get -1
Post 13
Post -1
Put 5
Put -1
Delete 2
Delete -1

D:\VisualStudio\Git\LoanManagement\APIGateway\obj\Debug\netcoreapp3.1\.NETCoreApp,Version=v3.1.AssemblyAttributes.cs

D:\VisualStudio\Git\LoanManagement\LoanManage\Controllers\v2\TestController.cs
Get 19
Get -1
Get 3
Get -1
Post 1
Post -1
Put 1
Put -1
Delete 1
Delete -1

D:\VisualStudio\Git\LoanManagement\Authentication\Controllers\LoginController.cs
Login 25
Login -1
AuthenticateUser 3
AuthenticateUser -1
GenerateJWTToken 22
GenerateJWTToken -1

D:\VisualStudio\Git\LoanManagement\APIGateway\obj\Debug\netcoreapp3.1\APIGateway.AssemblyInfo.cs

D:\VisualStudio\Git\LoanManagement\LoanManage\Database\DatabaseContext.cs
OnConfiguring 4
OnConfiguring -1

D:\VisualStudio\Git\LoanManagement\Authentication\Controllers\UserController.cs
GetUserData 3
GetUserData -1
GetAdminData 4
GetAdminData -1

D:\VisualStudio\Git\LoanManagement\APIGateway\obj\Debug\netcoreapp3.1\APIGateway.MvcApplicationPartsAssemblyInfo.cs

D:\VisualStudio\Git\LoanManagement\LoanManage\Database\Entity\Loan.cs

D:\VisualStudio\Git\LoanManagement\Authentication\Controllers\WeatherForecastController.cs
Get 2
Get -1

D:\VisualStudio\Git\LoanManagement\LoanManage\Migrations\20200820093635_initial.cs
Up 22
Up -1
Down 33
Down -1

D:\VisualStudio\Git\LoanManagement\LoanManage\Migrations\20200820093635_initial.Designer.cs
BuildTargetModel 2
BuildTargetModel -1

D:\VisualStudio\Git\LoanManagement\Authentication\Migrations\20200825045003_test.cs
Up 66
Up -1
Down 5
Down -1

D:\VisualStudio\Git\LoanManagement\Authentication\Migrations\20200825045003_test.Designer.cs
BuildTargetModel 4
BuildTargetModel -1

D:\VisualStudio\Git\LoanManagement\LoanManage\Migrations\20200824182618_initial1.cs
Up 4
Up -1
Down 3
Down -1

D:\VisualStudio\Git\LoanManagement\Authentication\Migrations\UserDBContextModelSnapshot.cs
BuildModel 4
BuildModel -1

D:\VisualStudio\Git\LoanManagement\LoanManage\Migrations\20200824182618_initial1.Designer.cs
BuildTargetModel 7
BuildTargetModel -1

D:\VisualStudio\Git\LoanManagement\LoanManage\Migrations\DatabaseContextModelSnapshot.cs
BuildModel 3
BuildModel -1

D:\VisualStudio\Git\LoanManagement\Authentication\Model\BasicAuthenticationAttribute.cs
OnAuthorization 27
OnAuthorization -1

D:\VisualStudio\Git\LoanManagement\LoanManage\Program.cs
Main 7
Main -1
CreateHostBuilder 4
CreateHostBuilder -1

D:\VisualStudio\Git\LoanManagement\LoanManage\Repositary\ILoan.cs
LoanList 3
LoanList -1

D:\VisualStudio\Git\LoanManagement\Authentication\Model\MyAuthorizeAttribute.cs
HandleUnauthorizedRequest 7
HandleUnauthorizedRequest -1

D:\VisualStudio\Git\LoanManagement\LoanManage\Resources\Contact.cs

D:\VisualStudio\Git\LoanManagement\LoanManage\Resources\Info.cs

D:\VisualStudio\Git\LoanManagement\LoanManage\Service\Loan.cs
LoanList 5
LoanList -1

D:\VisualStudio\Git\LoanManagement\Authentication\Model\Roles.cs
AdminRole 6
AdminRole -1
UserRole 7
UserRole -1

D:\VisualStudio\Git\LoanManagement\Authentication\Model\User.cs

D:\VisualStudio\Git\LoanManagement\LoanManage\Startup.cs
ConfigureServices 6
ConfigureServices -1
Configure 3
Configure -1

D:\VisualStudio\Git\LoanManagement\LoanManage\obj\Debug\netcoreapp3.1\.NETCoreApp,Version=v3.1.AssemblyAttributes.cs

D:\VisualStudio\Git\LoanManagement\LoanManage\obj\Debug\netcoreapp3.1\LoanManage.AssemblyInfo.cs

D:\VisualStudio\Git\LoanManagement\LoanManage\obj\Debug\netcoreapp3.1\LoanManage.MvcApplicationPartsAssemblyInfo.cs

D:\VisualStudio\Git\LoanManagement\Authentication\Model\UserValidate.cs
Login 3
Login -1
GetUserDetails 4
GetUserDetails -1

D:\VisualStudio\Git\LoanManagement\Authentication\Program.cs
Main 4
Main -1
CreateHostBuilder 2
CreateHostBuilder -1

D:\VisualStudio\Git\LoanManagement\Authentication\Startup.cs
ConfigureServices 4
ConfigureServices -1
Configure 4
Configure -1

D:\VisualStudio\Git\LoanManagement\Authentication\WeatherForecast.cs

D:\VisualStudio\Git\LoanManagement\Authentication\obj\Debug\netcoreapp3.1\.NETCoreApp,Version=v3.1.AssemblyAttributes.cs

D:\VisualStudio\Git\LoanManagement\Authentication\obj\Debug\netcoreapp3.1\Authentication.AssemblyInfo.cs

